Using pre-set license

 COMMAND LINE ARGUMENTS:
/Applications/Unity/Hub/Editor/2020.3.5f1/Unity.app/Contents/MacOS/Unity
-adb2
-batchMode
-noUpm
-name
AssetImportWorker0
-projectPath
/Users/pauldpong/Desktop/Pedro
-logFile
Logs/AssetImportWorker0.log
-srvPort
49607
Successfully changed project path to: /Users/pauldpong/Desktop/Pedro
/Users/pauldpong/Desktop/Pedro
Using Asset Import Pipeline V2.
Refreshing native plugins compatible for Editor in 54.82 ms, found 2 plugins.
Preloading 0 native plugins for Editor in 0.00 ms.
Initialize engine version: 2020.3.5f1 (8095aa901b9b)
[Subsystems] Discovering subsystems at path /Applications/Unity/Hub/Editor/2020.3.5f1/Unity.app/Contents/Resources/UnitySubsystems
[Subsystems] Discovering subsystems at path /Users/pauldpong/Desktop/Pedro/Assets
GfxDevice: creating device client; threaded=0
2021-05-03 18:57:46.994 Unity[1025:35304] Color LCD preferred device: Intel(R) Iris(TM) Graphics 6100 (low power)
2021-05-03 18:57:46.994 Unity[1025:35304] Metal devices available: 1
2021-05-03 18:57:46.994 Unity[1025:35304] 0: Intel(R) Iris(TM) Graphics 6100 (low power)
2021-05-03 18:57:46.995 Unity[1025:35304] Using device Intel(R) Iris(TM) Graphics 6100 (low power)
Initializing Metal device caps: Intel(R) Iris(TM) Graphics 6100
Initialize mono
Mono path[0] = '/Applications/Unity/Hub/Editor/2020.3.5f1/Unity.app/Contents/Managed'
Mono path[1] = '/Applications/Unity/Hub/Editor/2020.3.5f1/Unity.app/Contents/MonoBleedingEdge/lib/mono/unityjit'
Mono config path = '/Applications/Unity/Hub/Editor/2020.3.5f1/Unity.app/Contents/MonoBleedingEdge/etc'
Using monoOptions --debugger-agent=transport=dt_socket,embedding=1,server=y,suspend=n,address=127.0.0.1:56025
Begin MonoManager ReloadAssembly
Registering precompiled unity dll's ...
Register platform support module: /Applications/Unity/Hub/Editor/2020.3.5f1/Unity.app/Contents/PlaybackEngines/MacStandaloneSupport/UnityEditor.OSXStandalone.Extensions.dll
Registered in 0.000466 seconds.
Native extension for OSXStandalone target not found
Refreshing native plugins compatible for Editor in 48.57 ms, found 2 plugins.
Preloading 0 native plugins for Editor in 0.00 ms.
Mono: successfully reloaded assembly
- Completed reload, in  1.983 seconds
Platform modules already initialized, skipping
Registering precompiled user dll's ...
Registered in 0.000625 seconds.
Begin MonoManager ReloadAssembly
Native extension for OSXStandalone target not found
Refreshing native plugins compatible for Editor in 46.49 ms, found 2 plugins.
Preloading 0 native plugins for Editor in 0.00 ms.
Mono: successfully reloaded assembly
- Completed reload, in  1.339 seconds
Platform modules already initialized, skipping
========================================================================
Worker process is ready to serve import requests
Launching external process: /Applications/Unity/Hub/Editor/2020.3.5f1/Unity.app/Contents/Tools/UnityShaderCompiler
Launched and connected shader compiler UnityShaderCompiler after 0.02 seconds
Refreshing native plugins compatible for Editor in 0.39 ms, found 2 plugins.
Preloading 0 native plugins for Editor in 0.00 ms.
Unloading 1808 Unused Serialized files (Serialized files now loaded: 0)
System memory in use before: 143.8 MB.
System memory in use after: 143.8 MB.

Unloading 24 unused Assets to reduce memory usage. Loaded Objects now: 2250.
Total: 3.172643 ms (FindLiveObjects: 0.436625 ms CreateObjectMapping: 0.135481 ms MarkObjects: 2.431714 ms  DeleteObjects: 0.167495 ms)

========================================================================
Received Import Request.
  path: Assets/Scripts/Pedro
  artifactKey: Guid(d131ca4422a1849c8b562627e70fb26e) Importer(815301076,1909f56bfc062723c751e8b465ee728b)
Start importing Assets/Scripts/Pedro using Guid(d131ca4422a1849c8b562627e70fb26e) Importer(815301076,1909f56bfc062723c751e8b465ee728b)  -> (artifact id: 'd562e586b89d4e58eebfcf04e53c8a50') in 0.005394 seconds
  Import took 0.009995 seconds .

========================================================================
Received Import Request.
  Time since last request: 36.200086 seconds.
  path: Assets/Scripts/Player
  artifactKey: Guid(d131ca4422a1849c8b562627e70fb26e) Importer(815301076,1909f56bfc062723c751e8b465ee728b)
Start importing Assets/Scripts/Player using Guid(d131ca4422a1849c8b562627e70fb26e) Importer(815301076,1909f56bfc062723c751e8b465ee728b)  -> (artifact id: '6e919ada76a857e312e9111a894ba9be') in 0.001931 seconds
  Import took 0.008196 seconds .

========================================================================
Received Import Request.
  Time since last request: 692.950193 seconds.
  path: Assets/Scripts/Player/PlayerInput.cs
  artifactKey: Guid(5d8ab6e72cc014fb0941cdaff2f69308) Importer(815301076,1909f56bfc062723c751e8b465ee728b)
Start importing Assets/Scripts/Player/PlayerInput.cs using Guid(5d8ab6e72cc014fb0941cdaff2f69308) Importer(815301076,1909f56bfc062723c751e8b465ee728b)  -> (artifact id: '43397509fe25774c0534d9b3f9a6a7a8') in 0.301550 seconds
  Import took 0.307164 seconds .

========================================================================
Received Prepare
Registering precompiled user dll's ...
Registered in 0.001919 seconds.
Begin MonoManager ReloadAssembly
Native extension for OSXStandalone target not found
Refreshing native plugins compatible for Editor in 0.69 ms, found 2 plugins.
Preloading 0 native plugins for Editor in 0.00 ms.
Mono: successfully reloaded assembly
- Completed reload, in  2.074 seconds
Platform modules already initialized, skipping
Refreshing native plugins compatible for Editor in 0.40 ms, found 2 plugins.
Preloading 0 native plugins for Editor in 0.00 ms.
Unloading 1804 Unused Serialized files (Serialized files now loaded: 0)
System memory in use before: 148.3 MB.
System memory in use after: 148.2 MB.

Unloading 12 unused Assets to reduce memory usage. Loaded Objects now: 2255.
Total: 2.791116 ms (FindLiveObjects: 0.332043 ms CreateObjectMapping: 0.138041 ms MarkObjects: 2.183621 ms  DeleteObjects: 0.135950 ms)

========================================================================
Received Prepare
Registering precompiled user dll's ...
Registered in 0.000598 seconds.
Begin MonoManager ReloadAssembly
Native extension for OSXStandalone target not found
Refreshing native plugins compatible for Editor in 0.43 ms, found 2 plugins.
Preloading 0 native plugins for Editor in 0.00 ms.
Mono: successfully reloaded assembly
- Completed reload, in  1.302 seconds
Platform modules already initialized, skipping
Refreshing native plugins compatible for Editor in 0.40 ms, found 2 plugins.
Preloading 0 native plugins for Editor in 0.00 ms.
Unloading 1804 Unused Serialized files (Serialized files now loaded: 0)
System memory in use before: 148.6 MB.
System memory in use after: 148.6 MB.

Unloading 12 unused Assets to reduce memory usage. Loaded Objects now: 2259.
Total: 2.408011 ms (FindLiveObjects: 0.254679 ms CreateObjectMapping: 0.064599 ms MarkObjects: 1.964905 ms  DeleteObjects: 0.122373 ms)

========================================================================
Received Import Request.
  Time since last request: 933.523421 seconds.
  path: Assets/Scripts/Player/PlayerController.cs
  artifactKey: Guid(edb6e9a3c3d96498a8bd5b7a439e86ee) Importer(815301076,1909f56bfc062723c751e8b465ee728b)
Start importing Assets/Scripts/Player/PlayerController.cs using Guid(edb6e9a3c3d96498a8bd5b7a439e86ee) Importer(815301076,1909f56bfc062723c751e8b465ee728b)  -> (artifact id: '3db2c9405cd41ed28d00ccf7306d99ee') in 0.013772 seconds
  Import took 0.033658 seconds .

========================================================================
Received Prepare
Registering precompiled user dll's ...
Registered in 0.001648 seconds.
Begin MonoManager ReloadAssembly
Native extension for OSXStandalone target not found
Refreshing native plugins compatible for Editor in 0.39 ms, found 2 plugins.
Preloading 0 native plugins for Editor in 0.00 ms.
Mono: successfully reloaded assembly
- Completed reload, in  1.300 seconds
Platform modules already initialized, skipping
Refreshing native plugins compatible for Editor in 0.43 ms, found 2 plugins.
Preloading 0 native plugins for Editor in 0.00 ms.
Unloading 1805 Unused Serialized files (Serialized files now loaded: 0)
System memory in use before: 148.7 MB.
System memory in use after: 148.7 MB.

Unloading 12 unused Assets to reduce memory usage. Loaded Objects now: 2264.
Total: 2.212735 ms (FindLiveObjects: 0.229241 ms CreateObjectMapping: 0.063006 ms MarkObjects: 1.795482 ms  DeleteObjects: 0.123575 ms)

========================================================================
Received Import Request.
  Time since last request: 3468.623395 seconds.
  path: Assets/Scripts/Player/PlayerController.cs
  artifactKey: Guid(edb6e9a3c3d96498a8bd5b7a439e86ee) Importer(815301076,1909f56bfc062723c751e8b465ee728b)
Start importing Assets/Scripts/Player/PlayerController.cs using Guid(edb6e9a3c3d96498a8bd5b7a439e86ee) Importer(815301076,1909f56bfc062723c751e8b465ee728b)  -> (artifact id: '8182f6a397a04baa8321b76b2bf65089') in 0.029757 seconds
  Import took 0.037835 seconds .

========================================================================
Received Prepare
Registering precompiled user dll's ...
Registered in 0.002037 seconds.
Begin MonoManager ReloadAssembly
Native extension for OSXStandalone target not found
Refreshing native plugins compatible for Editor in 0.41 ms, found 2 plugins.
Preloading 0 native plugins for Editor in 0.00 ms.
Mono: successfully reloaded assembly
- Completed reload, in  1.359 seconds
Platform modules already initialized, skipping
Refreshing native plugins compatible for Editor in 0.41 ms, found 2 plugins.
Preloading 0 native plugins for Editor in 0.00 ms.
Unloading 1803 Unused Serialized files (Serialized files now loaded: 0)
System memory in use before: 148.9 MB.
System memory in use after: 148.8 MB.

Unloading 14 unused Assets to reduce memory usage. Loaded Objects now: 2266.
Total: 2.388643 ms (FindLiveObjects: 0.304850 ms CreateObjectMapping: 0.069798 ms MarkObjects: 1.879464 ms  DeleteObjects: 0.132970 ms)

