Using pre-set license

 COMMAND LINE ARGUMENTS:
/Applications/Unity/Hub/Editor/2020.3.5f1/Unity.app/Contents/MacOS/Unity
-adb2
-batchMode
-noUpm
-name
AssetImportWorker0
-projectPath
/Users/pauldpong/Desktop/Pedro
-logFile
Logs/AssetImportWorker0.log
-srvPort
50466
Successfully changed project path to: /Users/pauldpong/Desktop/Pedro
/Users/pauldpong/Desktop/Pedro
Using Asset Import Pipeline V2.
Refreshing native plugins compatible for Editor in 95.67 ms, found 2 plugins.
Preloading 0 native plugins for Editor in 0.00 ms.
Initialize engine version: 2020.3.5f1 (8095aa901b9b)
[Subsystems] Discovering subsystems at path /Applications/Unity/Hub/Editor/2020.3.5f1/Unity.app/Contents/Resources/UnitySubsystems
[Subsystems] Discovering subsystems at path /Users/pauldpong/Desktop/Pedro/Assets
GfxDevice: creating device client; threaded=0
2021-05-07 00:37:41.394 Unity[3985:114753] Color LCD preferred device: Intel(R) Iris(TM) Graphics 6100 (low power)
2021-05-07 00:37:41.394 Unity[3985:114753] Metal devices available: 1
2021-05-07 00:37:41.394 Unity[3985:114753] 0: Intel(R) Iris(TM) Graphics 6100 (low power)
2021-05-07 00:37:41.396 Unity[3985:114753] Using device Intel(R) Iris(TM) Graphics 6100 (low power)
Initializing Metal device caps: Intel(R) Iris(TM) Graphics 6100
Initialize mono
Mono path[0] = '/Applications/Unity/Hub/Editor/2020.3.5f1/Unity.app/Contents/Managed'
Mono path[1] = '/Applications/Unity/Hub/Editor/2020.3.5f1/Unity.app/Contents/MonoBleedingEdge/lib/mono/unityjit'
Mono config path = '/Applications/Unity/Hub/Editor/2020.3.5f1/Unity.app/Contents/MonoBleedingEdge/etc'
Using monoOptions --debugger-agent=transport=dt_socket,embedding=1,server=y,suspend=n,address=127.0.0.1:56985
Begin MonoManager ReloadAssembly
Registering precompiled unity dll's ...
Register platform support module: /Applications/Unity/Hub/Editor/2020.3.5f1/Unity.app/Contents/PlaybackEngines/MacStandaloneSupport/UnityEditor.OSXStandalone.Extensions.dll
Registered in 0.000501 seconds.
Native extension for OSXStandalone target not found
Refreshing native plugins compatible for Editor in 49.75 ms, found 2 plugins.
Preloading 0 native plugins for Editor in 0.00 ms.
Mono: successfully reloaded assembly
- Completed reload, in  2.587 seconds
Platform modules already initialized, skipping
Registering precompiled user dll's ...
Registered in 0.000631 seconds.
Begin MonoManager ReloadAssembly
Native extension for OSXStandalone target not found
Refreshing native plugins compatible for Editor in 45.97 ms, found 2 plugins.
Preloading 0 native plugins for Editor in 0.00 ms.
Mono: successfully reloaded assembly
- Completed reload, in  1.331 seconds
Platform modules already initialized, skipping
========================================================================
Worker process is ready to serve import requests
Launching external process: /Applications/Unity/Hub/Editor/2020.3.5f1/Unity.app/Contents/Tools/UnityShaderCompiler
Launched and connected shader compiler UnityShaderCompiler after 0.02 seconds
Refreshing native plugins compatible for Editor in 0.42 ms, found 2 plugins.
Preloading 0 native plugins for Editor in 0.00 ms.
Unloading 1814 Unused Serialized files (Serialized files now loaded: 0)
System memory in use before: 145.0 MB.
System memory in use after: 144.9 MB.

Unloading 24 unused Assets to reduce memory usage. Loaded Objects now: 2257.
Total: 3.626281 ms (FindLiveObjects: 0.448995 ms CreateObjectMapping: 0.164480 ms MarkObjects: 2.852334 ms  DeleteObjects: 0.158417 ms)

========================================================================
Received Import Request.
  path: Assets/Scripts/Block/BlockRandomVariation.cs
  artifactKey: Guid(09bcadb215b48442c978ad3e2bd8bc72) Importer(815301076,1909f56bfc062723c751e8b465ee728b)
Start importing Assets/Scripts/Block/BlockRandomVariation.cs using Guid(09bcadb215b48442c978ad3e2bd8bc72) Importer(815301076,1909f56bfc062723c751e8b465ee728b)  -> (artifact id: 'c6051cc97bacd7515d24eacc5ea93672') in 0.192375 seconds
  Import took 0.196418 seconds .

========================================================================
Received Prepare
Registering precompiled user dll's ...
Registered in 0.000623 seconds.
Begin MonoManager ReloadAssembly
Native extension for OSXStandalone target not found
Refreshing native plugins compatible for Editor in 0.41 ms, found 2 plugins.
Preloading 0 native plugins for Editor in 0.00 ms.
Mono: successfully reloaded assembly
- Completed reload, in  1.361 seconds
Platform modules already initialized, skipping
Refreshing native plugins compatible for Editor in 0.40 ms, found 2 plugins.
Preloading 0 native plugins for Editor in 0.00 ms.
Unloading 1809 Unused Serialized files (Serialized files now loaded: 0)
System memory in use before: 149.6 MB.
System memory in use after: 149.6 MB.

Unloading 12 unused Assets to reduce memory usage. Loaded Objects now: 2261.
Total: 2.738794 ms (FindLiveObjects: 0.312101 ms CreateObjectMapping: 0.136743 ms MarkObjects: 2.138242 ms  DeleteObjects: 0.149774 ms)

========================================================================
Received Import Request.
  Time since last request: 406.283059 seconds.
  path: Assets/Scripts/Block/BlockRandomVariation.cs
  artifactKey: Guid(09bcadb215b48442c978ad3e2bd8bc72) Importer(815301076,1909f56bfc062723c751e8b465ee728b)
Start importing Assets/Scripts/Block/BlockRandomVariation.cs using Guid(09bcadb215b48442c978ad3e2bd8bc72) Importer(815301076,1909f56bfc062723c751e8b465ee728b)  -> (artifact id: 'dc716bde11393cb5db417bba810ed926') in 0.005456 seconds
  Import took 0.010495 seconds .

========================================================================
Received Import Request.
  Time since last request: 35.710772 seconds.
  path: Assets/Scripts/Block/BlockRandomVariation.cs
  artifactKey: Guid(09bcadb215b48442c978ad3e2bd8bc72) Importer(815301076,1909f56bfc062723c751e8b465ee728b)
Start importing Assets/Scripts/Block/BlockRandomVariation.cs using Guid(09bcadb215b48442c978ad3e2bd8bc72) Importer(815301076,1909f56bfc062723c751e8b465ee728b)  -> (artifact id: 'd4ead7554d442288a339194f04675d71') in 0.009780 seconds
  Import took 0.022150 seconds .

========================================================================
Received Prepare
Registering precompiled user dll's ...
Registered in 0.001736 seconds.
Begin MonoManager ReloadAssembly
Native extension for OSXStandalone target not found
Refreshing native plugins compatible for Editor in 0.42 ms, found 2 plugins.
Preloading 0 native plugins for Editor in 0.00 ms.
Mono: successfully reloaded assembly
- Completed reload, in  1.250 seconds
Platform modules already initialized, skipping
Refreshing native plugins compatible for Editor in 0.39 ms, found 2 plugins.
Preloading 0 native plugins for Editor in 0.00 ms.
Unloading 1809 Unused Serialized files (Serialized files now loaded: 0)
System memory in use before: 149.7 MB.
System memory in use after: 149.7 MB.

Unloading 12 unused Assets to reduce memory usage. Loaded Objects now: 2265.
Total: 2.528284 ms (FindLiveObjects: 0.216620 ms CreateObjectMapping: 0.068841 ms MarkObjects: 2.084937 ms  DeleteObjects: 0.154662 ms)

========================================================================
Received Import Request.
  Time since last request: 418.718291 seconds.
  path: Assets/Scripts/Block/BlockRandomVariation.cs
  artifactKey: Guid(09bcadb215b48442c978ad3e2bd8bc72) Importer(815301076,1909f56bfc062723c751e8b465ee728b)
Start importing Assets/Scripts/Block/BlockRandomVariation.cs using Guid(09bcadb215b48442c978ad3e2bd8bc72) Importer(815301076,1909f56bfc062723c751e8b465ee728b)  -> (artifact id: '00000000000000000000000000000000') in 0.002918 seconds
  ERROR: Build asset version error: assets/scripts/block/blockrandomvariation.cs in SourceAssetDB has modification time of '2021-05-07T04:52:03Z' while content on disk has modification time of '2021-05-07T04:52:06Z'
  Import took 0.011780 seconds .

========================================================================
Received Import Request.
  Time since last request: 0.395552 seconds.
  path: Assets/Scripts/Block/BlockRandomVariation.cs
  artifactKey: Guid(09bcadb215b48442c978ad3e2bd8bc72) Importer(815301076,1909f56bfc062723c751e8b465ee728b)
Start importing Assets/Scripts/Block/BlockRandomVariation.cs using Guid(09bcadb215b48442c978ad3e2bd8bc72) Importer(815301076,1909f56bfc062723c751e8b465ee728b)  -> (artifact id: '95ef1ebfe014e2fc13477232d076585b') in 0.009422 seconds
  Import took 0.022101 seconds .

========================================================================
Received Prepare
Registering precompiled user dll's ...
Registered in 0.000825 seconds.
Begin MonoManager ReloadAssembly
Native extension for OSXStandalone target not found
Refreshing native plugins compatible for Editor in 0.41 ms, found 2 plugins.
Preloading 0 native plugins for Editor in 0.00 ms.
Mono: successfully reloaded assembly
- Completed reload, in  1.257 seconds
Platform modules already initialized, skipping
Refreshing native plugins compatible for Editor in 0.39 ms, found 2 plugins.
Preloading 0 native plugins for Editor in 0.00 ms.
Unloading 1809 Unused Serialized files (Serialized files now loaded: 0)
System memory in use before: 149.9 MB.
System memory in use after: 149.8 MB.

Unloading 12 unused Assets to reduce memory usage. Loaded Objects now: 2269.
Total: 2.264995 ms (FindLiveObjects: 0.257338 ms CreateObjectMapping: 0.064010 ms MarkObjects: 1.819276 ms  DeleteObjects: 0.122814 ms)

========================================================================
Received Import Request.
  Time since last request: 1315.188107 seconds.
  path: Assets/Scripts/Block/BlockRandomVariation.cs
  artifactKey: Guid(09bcadb215b48442c978ad3e2bd8bc72) Importer(815301076,1909f56bfc062723c751e8b465ee728b)
Start importing Assets/Scripts/Block/BlockRandomVariation.cs using Guid(09bcadb215b48442c978ad3e2bd8bc72) Importer(815301076,1909f56bfc062723c751e8b465ee728b)  -> (artifact id: '3364b12dc548e0ecb88a2f0d5320c23d') in 0.014505 seconds
  Import took 0.027168 seconds .

========================================================================
Received Prepare
Registering precompiled user dll's ...
Registered in 0.002412 seconds.
Begin MonoManager ReloadAssembly
Native extension for OSXStandalone target not found
Refreshing native plugins compatible for Editor in 0.57 ms, found 2 plugins.
Preloading 0 native plugins for Editor in 0.00 ms.
Mono: successfully reloaded assembly
- Completed reload, in  1.526 seconds
Platform modules already initialized, skipping
Refreshing native plugins compatible for Editor in 0.42 ms, found 2 plugins.
Preloading 0 native plugins for Editor in 0.00 ms.
Unloading 1809 Unused Serialized files (Serialized files now loaded: 0)
System memory in use before: 150.1 MB.
System memory in use after: 150.0 MB.

Unloading 12 unused Assets to reduce memory usage. Loaded Objects now: 2273.
Total: 2.485563 ms (FindLiveObjects: 0.243730 ms CreateObjectMapping: 0.066988 ms MarkObjects: 2.035545 ms  DeleteObjects: 0.137573 ms)

========================================================================
Received Import Request.
  Time since last request: 19.795479 seconds.
  path: Assets/Scripts/Block/BlockRandomVariation.cs
  artifactKey: Guid(09bcadb215b48442c978ad3e2bd8bc72) Importer(815301076,1909f56bfc062723c751e8b465ee728b)
Start importing Assets/Scripts/Block/BlockRandomVariation.cs using Guid(09bcadb215b48442c978ad3e2bd8bc72) Importer(815301076,1909f56bfc062723c751e8b465ee728b)  -> (artifact id: '601fb7ce804ad1b6e45f92955b46f3bc') in 0.013535 seconds
  Import took 0.025517 seconds .

========================================================================
Received Prepare
Registering precompiled user dll's ...
Registered in 0.002179 seconds.
Begin MonoManager ReloadAssembly
Native extension for OSXStandalone target not found
Refreshing native plugins compatible for Editor in 0.39 ms, found 2 plugins.
Preloading 0 native plugins for Editor in 0.00 ms.
Mono: successfully reloaded assembly
- Completed reload, in  1.340 seconds
Platform modules already initialized, skipping
Refreshing native plugins compatible for Editor in 0.41 ms, found 2 plugins.
Preloading 0 native plugins for Editor in 0.00 ms.
Unloading 1809 Unused Serialized files (Serialized files now loaded: 0)
System memory in use before: 150.3 MB.
System memory in use after: 150.2 MB.

Unloading 12 unused Assets to reduce memory usage. Loaded Objects now: 2277.
Total: 2.550480 ms (FindLiveObjects: 0.304597 ms CreateObjectMapping: 0.082401 ms MarkObjects: 2.036141 ms  DeleteObjects: 0.125446 ms)

========================================================================
Received Import Request.
  Time since last request: 20.922844 seconds.
  path: Assets/Scripts/Block/BlockRandomVariation.cs
  artifactKey: Guid(09bcadb215b48442c978ad3e2bd8bc72) Importer(815301076,1909f56bfc062723c751e8b465ee728b)
Start importing Assets/Scripts/Block/BlockRandomVariation.cs using Guid(09bcadb215b48442c978ad3e2bd8bc72) Importer(815301076,1909f56bfc062723c751e8b465ee728b)  -> (artifact id: '5f966bbdb503ae434263587e8cf556c8') in 0.019328 seconds
  Import took 0.027822 seconds .

========================================================================
Received Prepare
Registering precompiled user dll's ...
Registered in 0.000812 seconds.
Begin MonoManager ReloadAssembly
Native extension for OSXStandalone target not found
Refreshing native plugins compatible for Editor in 0.40 ms, found 2 plugins.
Preloading 0 native plugins for Editor in 0.00 ms.
Mono: successfully reloaded assembly
- Completed reload, in  1.244 seconds
Platform modules already initialized, skipping
Refreshing native plugins compatible for Editor in 0.41 ms, found 2 plugins.
Preloading 0 native plugins for Editor in 0.00 ms.
Unloading 1809 Unused Serialized files (Serialized files now loaded: 0)
System memory in use before: 150.5 MB.
System memory in use after: 150.5 MB.

Unloading 12 unused Assets to reduce memory usage. Loaded Objects now: 2281.
Total: 2.554365 ms (FindLiveObjects: 0.236866 ms CreateObjectMapping: 0.065790 ms MarkObjects: 2.107742 ms  DeleteObjects: 0.141145 ms)

========================================================================
Received Import Request.
  Time since last request: 147.348690 seconds.
  path: Assets/Scripts/Block/BlockRandomVariation.cs
  artifactKey: Guid(09bcadb215b48442c978ad3e2bd8bc72) Importer(815301076,1909f56bfc062723c751e8b465ee728b)
Start importing Assets/Scripts/Block/BlockRandomVariation.cs using Guid(09bcadb215b48442c978ad3e2bd8bc72) Importer(815301076,1909f56bfc062723c751e8b465ee728b)  -> (artifact id: 'ef6cca4da2f2a3bc5f39764ac981d8d2') in 0.010629 seconds
  Import took 0.024276 seconds .

========================================================================
Received Import Request.
  Time since last request: 5.515950 seconds.
  path: Assets/Scripts/Block/BlockRandomVariation.cs
  artifactKey: Guid(09bcadb215b48442c978ad3e2bd8bc72) Importer(815301076,1909f56bfc062723c751e8b465ee728b)
Start importing Assets/Scripts/Block/BlockRandomVariation.cs using Guid(09bcadb215b48442c978ad3e2bd8bc72) Importer(815301076,1909f56bfc062723c751e8b465ee728b)  -> (artifact id: '419af33280030914e3cf3309771c95a3') in 0.009850 seconds
  Import took 0.022513 seconds .

========================================================================
Received Prepare
Registering precompiled user dll's ...
Registered in 0.001794 seconds.
Begin MonoManager ReloadAssembly
Native extension for OSXStandalone target not found
Refreshing native plugins compatible for Editor in 0.40 ms, found 2 plugins.
Preloading 0 native plugins for Editor in 0.00 ms.
Mono: successfully reloaded assembly
- Completed reload, in  1.195 seconds
Platform modules already initialized, skipping
Refreshing native plugins compatible for Editor in 0.41 ms, found 2 plugins.
Preloading 0 native plugins for Editor in 0.00 ms.
Unloading 1809 Unused Serialized files (Serialized files now loaded: 0)
System memory in use before: 150.7 MB.
System memory in use after: 150.6 MB.

Unloading 12 unused Assets to reduce memory usage. Loaded Objects now: 2285.
Total: 2.244290 ms (FindLiveObjects: 0.253917 ms CreateObjectMapping: 0.063018 ms MarkObjects: 1.799925 ms  DeleteObjects: 0.125831 ms)

========================================================================
Received Import Request.
  Time since last request: 10.097494 seconds.
  path: Assets/Scripts/Block/BlockRandomVariation.cs
  artifactKey: Guid(09bcadb215b48442c978ad3e2bd8bc72) Importer(815301076,1909f56bfc062723c751e8b465ee728b)
Start importing Assets/Scripts/Block/BlockRandomVariation.cs using Guid(09bcadb215b48442c978ad3e2bd8bc72) Importer(815301076,1909f56bfc062723c751e8b465ee728b)  -> (artifact id: 'fe45adc251408be737c3f9128f756ad1') in 0.029186 seconds
  Import took 0.035217 seconds .

========================================================================
Received Prepare
Registering precompiled user dll's ...
Registered in 0.001704 seconds.
Begin MonoManager ReloadAssembly
Native extension for OSXStandalone target not found
Refreshing native plugins compatible for Editor in 0.40 ms, found 2 plugins.
Preloading 0 native plugins for Editor in 0.00 ms.
Mono: successfully reloaded assembly
- Completed reload, in  1.300 seconds
Platform modules already initialized, skipping
Refreshing native plugins compatible for Editor in 0.41 ms, found 2 plugins.
Preloading 0 native plugins for Editor in 0.00 ms.
Unloading 1809 Unused Serialized files (Serialized files now loaded: 0)
System memory in use before: 150.9 MB.
System memory in use after: 150.8 MB.

Unloading 12 unused Assets to reduce memory usage. Loaded Objects now: 2289.
Total: 2.476295 ms (FindLiveObjects: 0.268252 ms CreateObjectMapping: 0.084735 ms MarkObjects: 1.995827 ms  DeleteObjects: 0.125692 ms)

========================================================================
Received Import Request.
  Time since last request: 76.428974 seconds.
  path: Assets/Prefabs/Blocks/P_Block.prefab
  artifactKey: Guid(bfb02000d3bf643de9f210ad66f724b7) Importer(815301076,1909f56bfc062723c751e8b465ee728b)
Start importing Assets/Prefabs/Blocks/P_Block.prefab using Guid(bfb02000d3bf643de9f210ad66f724b7) Importer(815301076,1909f56bfc062723c751e8b465ee728b)  -> (artifact id: '5ac8a3e45d09fa056d46d01e41237801') in 0.425438 seconds
  Import took 0.432315 seconds .

========================================================================
Received Prepare
Registering precompiled user dll's ...
Registered in 0.001752 seconds.
Begin MonoManager ReloadAssembly
Native extension for OSXStandalone target not found
Refreshing native plugins compatible for Editor in 0.41 ms, found 2 plugins.
Preloading 0 native plugins for Editor in 0.00 ms.
Mono: successfully reloaded assembly
- Completed reload, in  1.267 seconds
Platform modules already initialized, skipping
Refreshing native plugins compatible for Editor in 0.69 ms, found 2 plugins.
Preloading 0 native plugins for Editor in 0.00 ms.
Unloading 1809 Unused Serialized files (Serialized files now loaded: 0)
System memory in use before: 158.8 MB.
System memory in use after: 158.8 MB.

Unloading 12 unused Assets to reduce memory usage. Loaded Objects now: 2300.
Total: 2.852976 ms (FindLiveObjects: 0.335173 ms CreateObjectMapping: 0.137931 ms MarkObjects: 2.232671 ms  DeleteObjects: 0.145353 ms)

========================================================================
Received Prepare
Registering precompiled user dll's ...
Registered in 0.000681 seconds.
Begin MonoManager ReloadAssembly
Native extension for OSXStandalone target not found
Refreshing native plugins compatible for Editor in 0.40 ms, found 2 plugins.
Preloading 0 native plugins for Editor in 0.00 ms.
Mono: successfully reloaded assembly
- Completed reload, in  1.296 seconds
Platform modules already initialized, skipping
Refreshing native plugins compatible for Editor in 0.39 ms, found 2 plugins.
Preloading 0 native plugins for Editor in 0.00 ms.
Unloading 1809 Unused Serialized files (Serialized files now loaded: 0)
System memory in use before: 159.0 MB.
System memory in use after: 159.0 MB.

Unloading 12 unused Assets to reduce memory usage. Loaded Objects now: 2304.
Total: 2.623227 ms (FindLiveObjects: 0.343349 ms CreateObjectMapping: 0.110622 ms MarkObjects: 2.043402 ms  DeleteObjects: 0.123511 ms)

========================================================================
Received Prepare
Registering precompiled user dll's ...
Registered in 0.000669 seconds.
Begin MonoManager ReloadAssembly
Native extension for OSXStandalone target not found
Refreshing native plugins compatible for Editor in 0.40 ms, found 2 plugins.
Preloading 0 native plugins for Editor in 0.00 ms.
Mono: successfully reloaded assembly
- Completed reload, in  1.222 seconds
Platform modules already initialized, skipping
Refreshing native plugins compatible for Editor in 0.41 ms, found 2 plugins.
Preloading 0 native plugins for Editor in 0.00 ms.
Unloading 1809 Unused Serialized files (Serialized files now loaded: 0)
System memory in use before: 159.2 MB.
System memory in use after: 159.1 MB.

Unloading 12 unused Assets to reduce memory usage. Loaded Objects now: 2308.
Total: 2.397770 ms (FindLiveObjects: 0.278272 ms CreateObjectMapping: 0.071096 ms MarkObjects: 1.913474 ms  DeleteObjects: 0.133122 ms)

========================================================================
Received Prepare
Registering precompiled user dll's ...
Registered in 0.001847 seconds.
Begin MonoManager ReloadAssembly
Native extension for OSXStandalone target not found
Refreshing native plugins compatible for Editor in 0.41 ms, found 2 plugins.
Preloading 0 native plugins for Editor in 0.00 ms.
Mono: successfully reloaded assembly
- Completed reload, in  1.197 seconds
Platform modules already initialized, skipping
Refreshing native plugins compatible for Editor in 0.41 ms, found 2 plugins.
Preloading 0 native plugins for Editor in 0.00 ms.
Unloading 1809 Unused Serialized files (Serialized files now loaded: 0)
System memory in use before: 159.4 MB.
System memory in use after: 159.4 MB.

Unloading 12 unused Assets to reduce memory usage. Loaded Objects now: 2312.
Total: 2.720417 ms (FindLiveObjects: 0.331762 ms CreateObjectMapping: 0.137091 ms MarkObjects: 2.115794 ms  DeleteObjects: 0.133862 ms)

========================================================================
Received Prepare
Registering precompiled user dll's ...
Registered in 0.001170 seconds.
Begin MonoManager ReloadAssembly
Native extension for OSXStandalone target not found
Refreshing native plugins compatible for Editor in 0.40 ms, found 2 plugins.
Preloading 0 native plugins for Editor in 0.00 ms.
Mono: successfully reloaded assembly
- Completed reload, in  1.465 seconds
Platform modules already initialized, skipping
Refreshing native plugins compatible for Editor in 0.41 ms, found 2 plugins.
Preloading 0 native plugins for Editor in 0.00 ms.
Unloading 1809 Unused Serialized files (Serialized files now loaded: 0)
System memory in use before: 159.6 MB.
System memory in use after: 159.5 MB.

Unloading 12 unused Assets to reduce memory usage. Loaded Objects now: 2316.
Total: 3.438469 ms (FindLiveObjects: 0.367623 ms CreateObjectMapping: 0.113282 ms MarkObjects: 2.813598 ms  DeleteObjects: 0.141614 ms)

