Using pre-set license

 COMMAND LINE ARGUMENTS:
/Applications/Unity/Hub/Editor/2020.3.5f1/Unity.app/Contents/MacOS/Unity
-adb2
-batchMode
-noUpm
-name
AssetImportWorker1
-projectPath
/Users/pauldpong/Desktop/Pedro
-logFile
Logs/AssetImportWorker1.log
-srvPort
49587
Successfully changed project path to: /Users/pauldpong/Desktop/Pedro
/Users/pauldpong/Desktop/Pedro
Using Asset Import Pipeline V2.
Refreshing native plugins compatible for Editor in 90.93 ms, found 2 plugins.
Preloading 0 native plugins for Editor in 0.00 ms.
Initialize engine version: 2020.3.5f1 (8095aa901b9b)
[Subsystems] Discovering subsystems at path /Applications/Unity/Hub/Editor/2020.3.5f1/Unity.app/Contents/Resources/UnitySubsystems
[Subsystems] Discovering subsystems at path /Users/pauldpong/Desktop/Pedro/Assets
GfxDevice: creating device client; threaded=0
2021-05-04 20:24:48.289 Unity[3551:124539] Color LCD preferred device: Intel(R) Iris(TM) Graphics 6100 (low power)
2021-05-04 20:24:48.289 Unity[3551:124539] Metal devices available: 1
2021-05-04 20:24:48.289 Unity[3551:124539] 0: Intel(R) Iris(TM) Graphics 6100 (low power)
2021-05-04 20:24:48.293 Unity[3551:124539] Using device Intel(R) Iris(TM) Graphics 6100 (low power)
Initializing Metal device caps: Intel(R) Iris(TM) Graphics 6100
Initialize mono
Mono path[0] = '/Applications/Unity/Hub/Editor/2020.3.5f1/Unity.app/Contents/Managed'
Mono path[1] = '/Applications/Unity/Hub/Editor/2020.3.5f1/Unity.app/Contents/MonoBleedingEdge/lib/mono/unityjit'
Mono config path = '/Applications/Unity/Hub/Editor/2020.3.5f1/Unity.app/Contents/MonoBleedingEdge/etc'
Using monoOptions --debugger-agent=transport=dt_socket,embedding=1,server=y,suspend=n,address=127.0.0.1:56551
Begin MonoManager ReloadAssembly
Registering precompiled unity dll's ...
Register platform support module: /Applications/Unity/Hub/Editor/2020.3.5f1/Unity.app/Contents/PlaybackEngines/MacStandaloneSupport/UnityEditor.OSXStandalone.Extensions.dll
Registered in 0.002481 seconds.
Native extension for OSXStandalone target not found
Refreshing native plugins compatible for Editor in 78.17 ms, found 2 plugins.
Preloading 0 native plugins for Editor in 0.00 ms.
Mono: successfully reloaded assembly
- Completed reload, in  3.606 seconds
Platform modules already initialized, skipping
Registering precompiled user dll's ...
Registered in 0.001768 seconds.
Begin MonoManager ReloadAssembly
Native extension for OSXStandalone target not found
Refreshing native plugins compatible for Editor in 70.96 ms, found 2 plugins.
Preloading 0 native plugins for Editor in 0.00 ms.
Mono: successfully reloaded assembly
- Completed reload, in  2.158 seconds
Platform modules already initialized, skipping
========================================================================
Worker process is ready to serve import requests
Launching external process: /Applications/Unity/Hub/Editor/2020.3.5f1/Unity.app/Contents/Tools/UnityShaderCompiler
Launched and connected shader compiler UnityShaderCompiler after 0.03 seconds
Refreshing native plugins compatible for Editor in 0.41 ms, found 2 plugins.
Preloading 0 native plugins for Editor in 0.00 ms.
Unloading 1811 Unused Serialized files (Serialized files now loaded: 0)
System memory in use before: 144.8 MB.
System memory in use after: 144.8 MB.

Unloading 24 unused Assets to reduce memory usage. Loaded Objects now: 2254.
Total: 4.527860 ms (FindLiveObjects: 1.040993 ms CreateObjectMapping: 0.158433 ms MarkObjects: 3.156481 ms  DeleteObjects: 0.169096 ms)

========================================================================
Received Import Request.
  path: Assets/Prefabs/Characters/P_Pedro.prefab
  artifactKey: Guid(c7ea656bc43ef486ea0a6debcd7cb515) Importer(815301076,1909f56bfc062723c751e8b465ee728b)
Start importing Assets/Prefabs/Characters/P_Pedro.prefab using Guid(c7ea656bc43ef486ea0a6debcd7cb515) Importer(815301076,1909f56bfc062723c751e8b465ee728b)  -> (artifact id: '42f934a055adf5ecf8cbd3bf98f95de8') in 0.582913 seconds
  Import took 0.592823 seconds .

========================================================================
Received Import Request.
  Time since last request: 405.132939 seconds.
  path: Assets/Prefabs/Characters/P_Pedro.prefab
  artifactKey: Guid(c7ea656bc43ef486ea0a6debcd7cb515) Importer(815301076,1909f56bfc062723c751e8b465ee728b)
Start importing Assets/Prefabs/Characters/P_Pedro.prefab using Guid(c7ea656bc43ef486ea0a6debcd7cb515) Importer(815301076,1909f56bfc062723c751e8b465ee728b)  -> (artifact id: '91f3d2131051e88f4950f4a004ca9558') in 0.068293 seconds
  Import took 0.076410 seconds .

========================================================================
Received Import Request.
  Time since last request: 19.668173 seconds.
  path: Assets/Prefabs/Characters/P_Pedro.prefab
  artifactKey: Guid(c7ea656bc43ef486ea0a6debcd7cb515) Importer(815301076,1909f56bfc062723c751e8b465ee728b)
Start importing Assets/Prefabs/Characters/P_Pedro.prefab using Guid(c7ea656bc43ef486ea0a6debcd7cb515) Importer(815301076,1909f56bfc062723c751e8b465ee728b)  -> (artifact id: 'ead9bd80d80b17f0319f3ea0f9480db0') in 0.058218 seconds
  Import took 0.069210 seconds .

========================================================================
Received Import Request.
  Time since last request: 7.786400 seconds.
  path: Assets/Prefabs/Characters/P_Pedro.prefab
  artifactKey: Guid(c7ea656bc43ef486ea0a6debcd7cb515) Importer(815301076,1909f56bfc062723c751e8b465ee728b)
Start importing Assets/Prefabs/Characters/P_Pedro.prefab using Guid(c7ea656bc43ef486ea0a6debcd7cb515) Importer(815301076,1909f56bfc062723c751e8b465ee728b)  -> (artifact id: '3185724d7d3cb8fd9ead79aa8d42f711') in 0.028179 seconds
  Import took 0.036123 seconds .

========================================================================
Received Import Request.
  Time since last request: 14.568565 seconds.
  path: Assets/Prefabs/Characters/P_Pedro.prefab
  artifactKey: Guid(c7ea656bc43ef486ea0a6debcd7cb515) Importer(815301076,1909f56bfc062723c751e8b465ee728b)
Start importing Assets/Prefabs/Characters/P_Pedro.prefab using Guid(c7ea656bc43ef486ea0a6debcd7cb515) Importer(815301076,1909f56bfc062723c751e8b465ee728b)  -> (artifact id: '51cdc97f144e9cdb4b324b7b11019257') in 0.022734 seconds
  Import took 0.030629 seconds .

========================================================================
Received Import Request.
  Time since last request: 5.644273 seconds.
  path: Assets/Prefabs/Characters/P_Pedro.prefab
  artifactKey: Guid(c7ea656bc43ef486ea0a6debcd7cb515) Importer(815301076,1909f56bfc062723c751e8b465ee728b)
Start importing Assets/Prefabs/Characters/P_Pedro.prefab using Guid(c7ea656bc43ef486ea0a6debcd7cb515) Importer(815301076,1909f56bfc062723c751e8b465ee728b)  -> (artifact id: '3d36a4653ffd8a7bc63a0f5894a6114f') in 0.026954 seconds
  Import took 0.030591 seconds .

========================================================================
Received Import Request.
  Time since last request: 5.568404 seconds.
  path: Assets/Prefabs/Characters/P_Pedro.prefab
  artifactKey: Guid(c7ea656bc43ef486ea0a6debcd7cb515) Importer(815301076,1909f56bfc062723c751e8b465ee728b)
Start importing Assets/Prefabs/Characters/P_Pedro.prefab using Guid(c7ea656bc43ef486ea0a6debcd7cb515) Importer(815301076,1909f56bfc062723c751e8b465ee728b)  -> (artifact id: 'e23be8324e156876ef190037d82f01ca') in 0.020518 seconds
  Import took 0.029286 seconds .

========================================================================
Received Import Request.
  Time since last request: 10.293733 seconds.
  path: Assets/Prefabs/Characters/P_Pedro.prefab
  artifactKey: Guid(c7ea656bc43ef486ea0a6debcd7cb515) Importer(815301076,1909f56bfc062723c751e8b465ee728b)
Start importing Assets/Prefabs/Characters/P_Pedro.prefab using Guid(c7ea656bc43ef486ea0a6debcd7cb515) Importer(815301076,1909f56bfc062723c751e8b465ee728b)  -> (artifact id: 'c5242d51f5b7dfd545e44e696f7ea48b') in 0.041849 seconds
  Import took 0.052404 seconds .

========================================================================
Received Import Request.
  Time since last request: 72.028429 seconds.
  path: Assets/Prefabs/Characters/P_Pedro.prefab
  artifactKey: Guid(c7ea656bc43ef486ea0a6debcd7cb515) Importer(815301076,1909f56bfc062723c751e8b465ee728b)
Start importing Assets/Prefabs/Characters/P_Pedro.prefab using Guid(c7ea656bc43ef486ea0a6debcd7cb515) Importer(815301076,1909f56bfc062723c751e8b465ee728b)  -> (artifact id: '5d0cd14f78ceab290e7977e5d53864dc') in 0.023094 seconds
  Import took 0.028056 seconds .

========================================================================
Received Import Request.
  Time since last request: 9.924865 seconds.
  path: Assets/Prefabs/Characters/P_Pedro.prefab
  artifactKey: Guid(c7ea656bc43ef486ea0a6debcd7cb515) Importer(815301076,1909f56bfc062723c751e8b465ee728b)
Start importing Assets/Prefabs/Characters/P_Pedro.prefab using Guid(c7ea656bc43ef486ea0a6debcd7cb515) Importer(815301076,1909f56bfc062723c751e8b465ee728b)  -> (artifact id: '4b171ca2fccb3dc657f65c23047b2960') in 0.023410 seconds
  Import took 0.034194 seconds .

========================================================================
Received Import Request.
  Time since last request: 6.845101 seconds.
  path: Assets/Prefabs/Characters/P_Pedro.prefab
  artifactKey: Guid(c7ea656bc43ef486ea0a6debcd7cb515) Importer(815301076,1909f56bfc062723c751e8b465ee728b)
Start importing Assets/Prefabs/Characters/P_Pedro.prefab using Guid(c7ea656bc43ef486ea0a6debcd7cb515) Importer(815301076,1909f56bfc062723c751e8b465ee728b)  -> (artifact id: '84afebda100a27cbb9cd5a1d9321d1e4') in 0.021604 seconds
  Import took 0.031065 seconds .

========================================================================
Received Import Request.
  Time since last request: 5.607391 seconds.
  path: Assets/Prefabs/Characters/P_Pedro.prefab
  artifactKey: Guid(c7ea656bc43ef486ea0a6debcd7cb515) Importer(815301076,1909f56bfc062723c751e8b465ee728b)
Start importing Assets/Prefabs/Characters/P_Pedro.prefab using Guid(c7ea656bc43ef486ea0a6debcd7cb515) Importer(815301076,1909f56bfc062723c751e8b465ee728b)  -> (artifact id: 'e4368fe0f16ba410f268a2e6a3386575') in 0.026566 seconds
  Import took 0.035186 seconds .

========================================================================
Received Import Request.
  Time since last request: 2.406598 seconds.
  path: Assets/Prefabs/Characters/P_Pedro.prefab
  artifactKey: Guid(c7ea656bc43ef486ea0a6debcd7cb515) Importer(815301076,1909f56bfc062723c751e8b465ee728b)
Start importing Assets/Prefabs/Characters/P_Pedro.prefab using Guid(c7ea656bc43ef486ea0a6debcd7cb515) Importer(815301076,1909f56bfc062723c751e8b465ee728b)  -> (artifact id: 'c168a7d4ce3ef2a74b8a0fab15d9273f') in 0.063909 seconds
  Import took 0.072651 seconds .

========================================================================
Received Import Request.
  Time since last request: 5.836760 seconds.
  path: Assets/Prefabs/Characters/P_Pedro.prefab
  artifactKey: Guid(c7ea656bc43ef486ea0a6debcd7cb515) Importer(815301076,1909f56bfc062723c751e8b465ee728b)
Start importing Assets/Prefabs/Characters/P_Pedro.prefab using Guid(c7ea656bc43ef486ea0a6debcd7cb515) Importer(815301076,1909f56bfc062723c751e8b465ee728b)  -> (artifact id: '75feaffbf86708a783c9a29db77bcac2') in 0.020962 seconds
  Import took 0.028523 seconds .

========================================================================
Received Import Request.
  Time since last request: 4.090049 seconds.
  path: Assets/Prefabs/Characters/P_Pedro.prefab
  artifactKey: Guid(c7ea656bc43ef486ea0a6debcd7cb515) Importer(815301076,1909f56bfc062723c751e8b465ee728b)
Start importing Assets/Prefabs/Characters/P_Pedro.prefab using Guid(c7ea656bc43ef486ea0a6debcd7cb515) Importer(815301076,1909f56bfc062723c751e8b465ee728b)  -> (artifact id: '7eff336973fe7e914365cb1a6e8f8d63') in 0.065413 seconds
  Import took 0.073324 seconds .

========================================================================
Received Import Request.
  Time since last request: 1031.385484 seconds.
  path: Assets/Scripts/Player/PlayerMovement.cs
  artifactKey: Guid(5ddacadd38d5d4ebebf165c53fd7eb17) Importer(815301076,1909f56bfc062723c751e8b465ee728b)
Start importing Assets/Scripts/Player/PlayerMovement.cs using Guid(5ddacadd38d5d4ebebf165c53fd7eb17) Importer(815301076,1909f56bfc062723c751e8b465ee728b)  -> (artifact id: 'f335b3e2d04ffc95b7fc939a14c67a06') in 0.381708 seconds
  Import took 0.386532 seconds .

========================================================================
Received Import Request.
  Time since last request: 133.500973 seconds.
  path: Assets/Prefabs/Characters/P_Pedro.prefab
  artifactKey: Guid(c7ea656bc43ef486ea0a6debcd7cb515) Importer(815301076,1909f56bfc062723c751e8b465ee728b)
Start importing Assets/Prefabs/Characters/P_Pedro.prefab using Guid(c7ea656bc43ef486ea0a6debcd7cb515) Importer(815301076,1909f56bfc062723c751e8b465ee728b)  -> (artifact id: 'f1281f578e2f0396c770c87f6712972c') in 0.045789 seconds
  Import took 0.056982 seconds .

========================================================================
Received Prepare
Registering precompiled user dll's ...
Registered in 0.001490 seconds.
Begin MonoManager ReloadAssembly
Native extension for OSXStandalone target not found
Refreshing native plugins compatible for Editor in 0.41 ms, found 2 plugins.
Preloading 0 native plugins for Editor in 0.00 ms.
Mono: successfully reloaded assembly
- Completed reload, in  1.364 seconds
Platform modules already initialized, skipping
Refreshing native plugins compatible for Editor in 0.48 ms, found 2 plugins.
Preloading 0 native plugins for Editor in 0.00 ms.
Unloading 1806 Unused Serialized files (Serialized files now loaded: 0)
System memory in use before: 157.3 MB.
System memory in use after: 157.3 MB.

Unloading 12 unused Assets to reduce memory usage. Loaded Objects now: 2265.
Total: 2.674410 ms (FindLiveObjects: 0.307836 ms CreateObjectMapping: 0.121590 ms MarkObjects: 2.108803 ms  DeleteObjects: 0.133430 ms)

========================================================================
Received Prepare
Registering precompiled user dll's ...
Registered in 0.000681 seconds.
Begin MonoManager ReloadAssembly
Native extension for OSXStandalone target not found
Refreshing native plugins compatible for Editor in 0.39 ms, found 2 plugins.
Preloading 0 native plugins for Editor in 0.00 ms.
Mono: successfully reloaded assembly
- Completed reload, in  1.208 seconds
Platform modules already initialized, skipping
Refreshing native plugins compatible for Editor in 0.43 ms, found 2 plugins.
Preloading 0 native plugins for Editor in 0.00 ms.
Unloading 1806 Unused Serialized files (Serialized files now loaded: 0)
System memory in use before: 157.5 MB.
System memory in use after: 157.5 MB.

Unloading 12 unused Assets to reduce memory usage. Loaded Objects now: 2269.
Total: 2.212729 ms (FindLiveObjects: 0.215935 ms CreateObjectMapping: 0.064337 ms MarkObjects: 1.811380 ms  DeleteObjects: 0.118765 ms)

========================================================================
Received Prepare
Registering precompiled user dll's ...
Registered in 0.002548 seconds.
Begin MonoManager ReloadAssembly
Native extension for OSXStandalone target not found
Refreshing native plugins compatible for Editor in 0.71 ms, found 2 plugins.
Preloading 0 native plugins for Editor in 0.00 ms.
Mono: successfully reloaded assembly
- Completed reload, in  2.142 seconds
Platform modules already initialized, skipping
Refreshing native plugins compatible for Editor in 0.45 ms, found 2 plugins.
Preloading 0 native plugins for Editor in 0.00 ms.
Unloading 1806 Unused Serialized files (Serialized files now loaded: 0)
System memory in use before: 157.7 MB.
System memory in use after: 157.7 MB.

Unloading 12 unused Assets to reduce memory usage. Loaded Objects now: 2273.
Total: 2.456265 ms (FindLiveObjects: 0.260881 ms CreateObjectMapping: 0.063211 ms MarkObjects: 1.999061 ms  DeleteObjects: 0.131583 ms)

========================================================================
Received Import Request.
  Time since last request: 832.930417 seconds.
  path: Assets/Prefabs/Characters/P_Pedro.prefab
  artifactKey: Guid(c7ea656bc43ef486ea0a6debcd7cb515) Importer(815301076,1909f56bfc062723c751e8b465ee728b)
Start importing Assets/Prefabs/Characters/P_Pedro.prefab using Guid(c7ea656bc43ef486ea0a6debcd7cb515) Importer(815301076,1909f56bfc062723c751e8b465ee728b)  -> (artifact id: '85bd3ac6c554d476a0b14d278d8b07ec') in 0.121167 seconds
  Import took 0.125161 seconds .

========================================================================
Received Prepare
Registering precompiled user dll's ...
Registered in 0.000672 seconds.
Begin MonoManager ReloadAssembly
Native extension for OSXStandalone target not found
Refreshing native plugins compatible for Editor in 0.39 ms, found 2 plugins.
Preloading 0 native plugins for Editor in 0.00 ms.
Mono: successfully reloaded assembly
- Completed reload, in  1.285 seconds
Platform modules already initialized, skipping
Refreshing native plugins compatible for Editor in 0.54 ms, found 2 plugins.
Preloading 0 native plugins for Editor in 0.00 ms.
Unloading 1806 Unused Serialized files (Serialized files now loaded: 0)
System memory in use before: 158.1 MB.
System memory in use after: 158.0 MB.

Unloading 12 unused Assets to reduce memory usage. Loaded Objects now: 2278.
Total: 3.003497 ms (FindLiveObjects: 0.287956 ms CreateObjectMapping: 0.172578 ms MarkObjects: 2.400016 ms  DeleteObjects: 0.141149 ms)

========================================================================
Received Prepare
Registering precompiled user dll's ...
Registered in 0.000727 seconds.
Begin MonoManager ReloadAssembly
Native extension for OSXStandalone target not found
Refreshing native plugins compatible for Editor in 0.41 ms, found 2 plugins.
Preloading 0 native plugins for Editor in 0.00 ms.
Mono: successfully reloaded assembly
- Completed reload, in  1.347 seconds
Platform modules already initialized, skipping
Refreshing native plugins compatible for Editor in 0.39 ms, found 2 plugins.
Preloading 0 native plugins for Editor in 0.00 ms.
Unloading 1806 Unused Serialized files (Serialized files now loaded: 0)
System memory in use before: 158.3 MB.
System memory in use after: 158.2 MB.

Unloading 12 unused Assets to reduce memory usage. Loaded Objects now: 2282.
Total: 2.273584 ms (FindLiveObjects: 0.238183 ms CreateObjectMapping: 0.063231 ms MarkObjects: 1.841063 ms  DeleteObjects: 0.129864 ms)

========================================================================
Received Prepare
Registering precompiled user dll's ...
Registered in 0.000655 seconds.
Begin MonoManager ReloadAssembly
Native extension for OSXStandalone target not found
Refreshing native plugins compatible for Editor in 1.87 ms, found 2 plugins.
Preloading 0 native plugins for Editor in 0.00 ms.
Mono: successfully reloaded assembly
- Completed reload, in  1.321 seconds
Platform modules already initialized, skipping
Refreshing native plugins compatible for Editor in 0.42 ms, found 2 plugins.
Preloading 0 native plugins for Editor in 0.00 ms.
Unloading 1806 Unused Serialized files (Serialized files now loaded: 0)
System memory in use before: 158.5 MB.
System memory in use after: 158.4 MB.

Unloading 12 unused Assets to reduce memory usage. Loaded Objects now: 2286.
Total: 2.930722 ms (FindLiveObjects: 0.371978 ms CreateObjectMapping: 0.142933 ms MarkObjects: 2.265060 ms  DeleteObjects: 0.148805 ms)

========================================================================
Received Prepare
Registering precompiled user dll's ...
Registered in 0.001124 seconds.
Begin MonoManager ReloadAssembly
Native extension for OSXStandalone target not found
Refreshing native plugins compatible for Editor in 0.42 ms, found 2 plugins.
Preloading 0 native plugins for Editor in 0.00 ms.
Mono: successfully reloaded assembly
- Completed reload, in  1.454 seconds
Platform modules already initialized, skipping
Refreshing native plugins compatible for Editor in 0.43 ms, found 2 plugins.
Preloading 0 native plugins for Editor in 0.00 ms.
Unloading 1806 Unused Serialized files (Serialized files now loaded: 0)
System memory in use before: 158.6 MB.
System memory in use after: 158.6 MB.

Unloading 12 unused Assets to reduce memory usage. Loaded Objects now: 2290.
Total: 4.113526 ms (FindLiveObjects: 0.293210 ms CreateObjectMapping: 0.111058 ms MarkObjects: 3.567775 ms  DeleteObjects: 0.136076 ms)

========================================================================
Received Prepare
Registering precompiled user dll's ...
Registered in 0.000789 seconds.
Begin MonoManager ReloadAssembly
Native extension for OSXStandalone target not found
Refreshing native plugins compatible for Editor in 0.52 ms, found 2 plugins.
Preloading 0 native plugins for Editor in 0.00 ms.
Mono: successfully reloaded assembly
- Completed reload, in  1.371 seconds
Platform modules already initialized, skipping
Refreshing native plugins compatible for Editor in 0.41 ms, found 2 plugins.
Preloading 0 native plugins for Editor in 0.00 ms.
Unloading 1806 Unused Serialized files (Serialized files now loaded: 0)
System memory in use before: 158.9 MB.
System memory in use after: 158.8 MB.

Unloading 12 unused Assets to reduce memory usage. Loaded Objects now: 2294.
Total: 3.011458 ms (FindLiveObjects: 0.702753 ms CreateObjectMapping: 0.161896 ms MarkObjects: 2.005265 ms  DeleteObjects: 0.138723 ms)

========================================================================
Received Import Request.
  Time since last request: 143.265992 seconds.
  path: Assets/Prefabs/Characters/P_Pedro.prefab
  artifactKey: Guid(c7ea656bc43ef486ea0a6debcd7cb515) Importer(815301076,1909f56bfc062723c751e8b465ee728b)
Start importing Assets/Prefabs/Characters/P_Pedro.prefab using Guid(c7ea656bc43ef486ea0a6debcd7cb515) Importer(815301076,1909f56bfc062723c751e8b465ee728b)  -> (artifact id: 'e8cac0f63cdd96b54f9c80444e371d5a') in 0.091834 seconds
  Import took 0.097120 seconds .

========================================================================
Received Prepare
Registering precompiled user dll's ...
Registered in 0.000738 seconds.
Begin MonoManager ReloadAssembly
Native extension for OSXStandalone target not found
Refreshing native plugins compatible for Editor in 0.41 ms, found 2 plugins.
Preloading 0 native plugins for Editor in 0.00 ms.
Mono: successfully reloaded assembly
- Completed reload, in  1.559 seconds
Platform modules already initialized, skipping
Refreshing native plugins compatible for Editor in 0.40 ms, found 2 plugins.
Preloading 0 native plugins for Editor in 0.00 ms.
Unloading 1806 Unused Serialized files (Serialized files now loaded: 0)
System memory in use before: 159.2 MB.
System memory in use after: 159.1 MB.

Unloading 12 unused Assets to reduce memory usage. Loaded Objects now: 2299.
Total: 2.234109 ms (FindLiveObjects: 0.212083 ms CreateObjectMapping: 0.060201 ms MarkObjects: 1.836558 ms  DeleteObjects: 0.123958 ms)

========================================================================
Received Prepare
Registering precompiled user dll's ...
Registered in 0.000678 seconds.
Begin MonoManager ReloadAssembly
Native extension for OSXStandalone target not found
Refreshing native plugins compatible for Editor in 0.43 ms, found 2 plugins.
Preloading 0 native plugins for Editor in 0.00 ms.
Mono: successfully reloaded assembly
- Completed reload, in  1.872 seconds
Platform modules already initialized, skipping
Refreshing native plugins compatible for Editor in 0.43 ms, found 2 plugins.
Preloading 0 native plugins for Editor in 0.00 ms.
Unloading 1806 Unused Serialized files (Serialized files now loaded: 0)
System memory in use before: 159.4 MB.
System memory in use after: 159.3 MB.

Unloading 12 unused Assets to reduce memory usage. Loaded Objects now: 2303.
Total: 3.325077 ms (FindLiveObjects: 0.311568 ms CreateObjectMapping: 0.136412 ms MarkObjects: 2.721568 ms  DeleteObjects: 0.153416 ms)

========================================================================
Received Prepare
Registering precompiled user dll's ...
Registered in 0.002738 seconds.
Begin MonoManager ReloadAssembly
Native extension for OSXStandalone target not found
Refreshing native plugins compatible for Editor in 1.25 ms, found 2 plugins.
Preloading 0 native plugins for Editor in 0.00 ms.
Mono: successfully reloaded assembly
- Completed reload, in  5.411 seconds
Platform modules already initialized, skipping
Refreshing native plugins compatible for Editor in 0.44 ms, found 2 plugins.
Preloading 0 native plugins for Editor in 0.00 ms.
Unloading 1806 Unused Serialized files (Serialized files now loaded: 0)
System memory in use before: 159.5 MB.
System memory in use after: 159.5 MB.

Unloading 12 unused Assets to reduce memory usage. Loaded Objects now: 2307.
Total: 3.235419 ms (FindLiveObjects: 0.339052 ms CreateObjectMapping: 0.139782 ms MarkObjects: 2.609117 ms  DeleteObjects: 0.144191 ms)

========================================================================
Received Prepare
Registering precompiled user dll's ...
Registered in 0.001376 seconds.
Begin MonoManager ReloadAssembly
Native extension for OSXStandalone target not found
Refreshing native plugins compatible for Editor in 0.41 ms, found 2 plugins.
Preloading 0 native plugins for Editor in 0.00 ms.
Mono: successfully reloaded assembly
- Completed reload, in  1.387 seconds
Platform modules already initialized, skipping
Refreshing native plugins compatible for Editor in 0.43 ms, found 2 plugins.
Preloading 0 native plugins for Editor in 0.00 ms.
Unloading 1806 Unused Serialized files (Serialized files now loaded: 0)
System memory in use before: 159.8 MB.
System memory in use after: 159.7 MB.

Unloading 12 unused Assets to reduce memory usage. Loaded Objects now: 2311.
Total: 3.215019 ms (FindLiveObjects: 0.374613 ms CreateObjectMapping: 0.130590 ms MarkObjects: 2.555389 ms  DeleteObjects: 0.152270 ms)

========================================================================
Received Prepare
Registering precompiled user dll's ...
Registered in 0.000896 seconds.
Begin MonoManager ReloadAssembly
Native extension for OSXStandalone target not found
Refreshing native plugins compatible for Editor in 0.42 ms, found 2 plugins.
Preloading 0 native plugins for Editor in 0.00 ms.
Mono: successfully reloaded assembly
- Completed reload, in  1.431 seconds
Platform modules already initialized, skipping
Refreshing native plugins compatible for Editor in 0.40 ms, found 2 plugins.
Preloading 0 native plugins for Editor in 0.00 ms.
Unloading 1806 Unused Serialized files (Serialized files now loaded: 0)
System memory in use before: 159.9 MB.
System memory in use after: 159.9 MB.

Unloading 12 unused Assets to reduce memory usage. Loaded Objects now: 2315.
Total: 3.112284 ms (FindLiveObjects: 0.325131 ms CreateObjectMapping: 0.132426 ms MarkObjects: 2.475092 ms  DeleteObjects: 0.177171 ms)

========================================================================
Received Prepare
Registering precompiled user dll's ...
Registered in 0.000694 seconds.
Begin MonoManager ReloadAssembly
Native extension for OSXStandalone target not found
Refreshing native plugins compatible for Editor in 0.46 ms, found 2 plugins.
Preloading 0 native plugins for Editor in 0.00 ms.
Mono: successfully reloaded assembly
- Completed reload, in  1.416 seconds
Platform modules already initialized, skipping
Refreshing native plugins compatible for Editor in 0.40 ms, found 2 plugins.
Preloading 0 native plugins for Editor in 0.00 ms.
Unloading 1806 Unused Serialized files (Serialized files now loaded: 0)
System memory in use before: 160.2 MB.
System memory in use after: 160.1 MB.

Unloading 12 unused Assets to reduce memory usage. Loaded Objects now: 2319.
Total: 2.608149 ms (FindLiveObjects: 0.326951 ms CreateObjectMapping: 0.125755 ms MarkObjects: 2.023081 ms  DeleteObjects: 0.130911 ms)

========================================================================
Received Prepare
Registering precompiled user dll's ...
Registered in 0.000632 seconds.
Begin MonoManager ReloadAssembly
Native extension for OSXStandalone target not found
Refreshing native plugins compatible for Editor in 0.40 ms, found 2 plugins.
Preloading 0 native plugins for Editor in 0.00 ms.
Mono: successfully reloaded assembly
- Completed reload, in  1.340 seconds
Platform modules already initialized, skipping
Refreshing native plugins compatible for Editor in 0.40 ms, found 2 plugins.
Preloading 0 native plugins for Editor in 0.00 ms.
Unloading 1806 Unused Serialized files (Serialized files now loaded: 0)
System memory in use before: 160.3 MB.
System memory in use after: 160.3 MB.

Unloading 12 unused Assets to reduce memory usage. Loaded Objects now: 2323.
Total: 2.534633 ms (FindLiveObjects: 0.284657 ms CreateObjectMapping: 0.078087 ms MarkObjects: 2.042260 ms  DeleteObjects: 0.127925 ms)

========================================================================
Received Prepare
Registering precompiled user dll's ...
Registered in 0.003769 seconds.
Begin MonoManager ReloadAssembly
Native extension for OSXStandalone target not found
Refreshing native plugins compatible for Editor in 0.40 ms, found 2 plugins.
Preloading 0 native plugins for Editor in 0.00 ms.
Mono: successfully reloaded assembly
- Completed reload, in  1.471 seconds
Platform modules already initialized, skipping
Refreshing native plugins compatible for Editor in 0.39 ms, found 2 plugins.
Preloading 0 native plugins for Editor in 0.00 ms.
Unloading 1806 Unused Serialized files (Serialized files now loaded: 0)
System memory in use before: 160.5 MB.
System memory in use after: 160.5 MB.

Unloading 12 unused Assets to reduce memory usage. Loaded Objects now: 2327.
Total: 2.944479 ms (FindLiveObjects: 0.270384 ms CreateObjectMapping: 0.147160 ms MarkObjects: 2.380978 ms  DeleteObjects: 0.143649 ms)

========================================================================
Received Prepare
Registering precompiled user dll's ...
Registered in 0.000637 seconds.
Begin MonoManager ReloadAssembly
Native extension for OSXStandalone target not found
Refreshing native plugins compatible for Editor in 2.20 ms, found 2 plugins.
Preloading 0 native plugins for Editor in 0.00 ms.
Mono: successfully reloaded assembly
- Completed reload, in  1.411 seconds
Platform modules already initialized, skipping
Refreshing native plugins compatible for Editor in 0.48 ms, found 2 plugins.
Preloading 0 native plugins for Editor in 0.00 ms.
Unloading 1806 Unused Serialized files (Serialized files now loaded: 0)
System memory in use before: 160.7 MB.
System memory in use after: 160.7 MB.

Unloading 12 unused Assets to reduce memory usage. Loaded Objects now: 2331.
Total: 2.336678 ms (FindLiveObjects: 0.291751 ms CreateObjectMapping: 0.064550 ms MarkObjects: 1.850944 ms  DeleteObjects: 0.128061 ms)

========================================================================
Received Prepare
Registering precompiled user dll's ...
Registered in 0.005565 seconds.
Begin MonoManager ReloadAssembly
Native extension for OSXStandalone target not found
Refreshing native plugins compatible for Editor in 0.41 ms, found 2 plugins.
Preloading 0 native plugins for Editor in 0.00 ms.
Mono: successfully reloaded assembly
- Completed reload, in  3.645 seconds
Platform modules already initialized, skipping
Refreshing native plugins compatible for Editor in 0.43 ms, found 2 plugins.
Preloading 0 native plugins for Editor in 0.00 ms.
Unloading 1806 Unused Serialized files (Serialized files now loaded: 0)
System memory in use before: 160.9 MB.
System memory in use after: 160.8 MB.

Unloading 12 unused Assets to reduce memory usage. Loaded Objects now: 2335.
Total: 2.437960 ms (FindLiveObjects: 0.282207 ms CreateObjectMapping: 0.065275 ms MarkObjects: 1.948098 ms  DeleteObjects: 0.139700 ms)

========================================================================
Received Import Request.
  Time since last request: 371.768841 seconds.
  path: Assets/Prefabs/Characters/P_Pedro.prefab
  artifactKey: Guid(c7ea656bc43ef486ea0a6debcd7cb515) Importer(815301076,1909f56bfc062723c751e8b465ee728b)
Start importing Assets/Prefabs/Characters/P_Pedro.prefab using Guid(c7ea656bc43ef486ea0a6debcd7cb515) Importer(815301076,1909f56bfc062723c751e8b465ee728b)  -> (artifact id: '34ccdb808d7ed476291ad9c4d1f855b0') in 0.103238 seconds
  Import took 0.112697 seconds .

========================================================================
Received Import Request.
  Time since last request: 3.719848 seconds.
  path: Assets/Prefabs/Characters/P_Pedro.prefab
  artifactKey: Guid(c7ea656bc43ef486ea0a6debcd7cb515) Importer(815301076,1909f56bfc062723c751e8b465ee728b)
Start importing Assets/Prefabs/Characters/P_Pedro.prefab using Guid(c7ea656bc43ef486ea0a6debcd7cb515) Importer(815301076,1909f56bfc062723c751e8b465ee728b)  -> (artifact id: '4d8d221d6a228a8ab8894abe14f2e48d') in 0.012393 seconds
  Import took 0.022010 seconds .

========================================================================
Received Import Request.
  Time since last request: 4.826240 seconds.
  path: Assets/Prefabs/Characters/P_Pedro.prefab
  artifactKey: Guid(c7ea656bc43ef486ea0a6debcd7cb515) Importer(815301076,1909f56bfc062723c751e8b465ee728b)
Start importing Assets/Prefabs/Characters/P_Pedro.prefab using Guid(c7ea656bc43ef486ea0a6debcd7cb515) Importer(815301076,1909f56bfc062723c751e8b465ee728b)  -> (artifact id: '851f4b20f4ad9f2f8f1c4daf54e2ca1a') in 0.010785 seconds
  Import took 0.018701 seconds .

========================================================================
Received Prepare
Registering precompiled user dll's ...
Registered in 0.001713 seconds.
Begin MonoManager ReloadAssembly
Native extension for OSXStandalone target not found
Refreshing native plugins compatible for Editor in 0.41 ms, found 2 plugins.
Preloading 0 native plugins for Editor in 0.00 ms.
Mono: successfully reloaded assembly
- Completed reload, in  1.395 seconds
Platform modules already initialized, skipping
Refreshing native plugins compatible for Editor in 0.41 ms, found 2 plugins.
Preloading 0 native plugins for Editor in 0.00 ms.
Unloading 1806 Unused Serialized files (Serialized files now loaded: 0)
System memory in use before: 161.2 MB.
System memory in use after: 161.2 MB.

Unloading 12 unused Assets to reduce memory usage. Loaded Objects now: 2340.
Total: 2.274264 ms (FindLiveObjects: 0.205139 ms CreateObjectMapping: 0.065026 ms MarkObjects: 1.875094 ms  DeleteObjects: 0.126608 ms)

========================================================================
Received Prepare
Registering precompiled user dll's ...
Registered in 0.000595 seconds.
Begin MonoManager ReloadAssembly
Native extension for OSXStandalone target not found
Refreshing native plugins compatible for Editor in 0.40 ms, found 2 plugins.
Preloading 0 native plugins for Editor in 0.00 ms.
Mono: successfully reloaded assembly
- Completed reload, in  1.262 seconds
Platform modules already initialized, skipping
Refreshing native plugins compatible for Editor in 0.39 ms, found 2 plugins.
Preloading 0 native plugins for Editor in 0.00 ms.
Unloading 1806 Unused Serialized files (Serialized files now loaded: 0)
System memory in use before: 161.4 MB.
System memory in use after: 161.4 MB.

Unloading 12 unused Assets to reduce memory usage. Loaded Objects now: 2344.
Total: 2.633866 ms (FindLiveObjects: 0.337504 ms CreateObjectMapping: 0.094928 ms MarkObjects: 2.063954 ms  DeleteObjects: 0.134874 ms)

========================================================================
Received Prepare
Registering precompiled user dll's ...
Registered in 0.000588 seconds.
Begin MonoManager ReloadAssembly
Native extension for OSXStandalone target not found
Refreshing native plugins compatible for Editor in 0.41 ms, found 2 plugins.
Preloading 0 native plugins for Editor in 0.00 ms.
Mono: successfully reloaded assembly
- Completed reload, in  1.354 seconds
Platform modules already initialized, skipping
Refreshing native plugins compatible for Editor in 0.42 ms, found 2 plugins.
Preloading 0 native plugins for Editor in 0.00 ms.
Unloading 1806 Unused Serialized files (Serialized files now loaded: 0)
System memory in use before: 161.6 MB.
System memory in use after: 161.6 MB.

Unloading 12 unused Assets to reduce memory usage. Loaded Objects now: 2348.
Total: 3.176440 ms (FindLiveObjects: 0.413115 ms CreateObjectMapping: 0.071477 ms MarkObjects: 2.556592 ms  DeleteObjects: 0.132169 ms)

========================================================================
Received Prepare
Registering precompiled user dll's ...
Registered in 0.000631 seconds.
Begin MonoManager ReloadAssembly
Native extension for OSXStandalone target not found
Refreshing native plugins compatible for Editor in 0.51 ms, found 2 plugins.
Preloading 0 native plugins for Editor in 0.00 ms.
Mono: successfully reloaded assembly
- Completed reload, in  1.290 seconds
Platform modules already initialized, skipping
Refreshing native plugins compatible for Editor in 0.39 ms, found 2 plugins.
Preloading 0 native plugins for Editor in 0.00 ms.
Unloading 1806 Unused Serialized files (Serialized files now loaded: 0)
System memory in use before: 161.8 MB.
System memory in use after: 161.8 MB.

Unloading 12 unused Assets to reduce memory usage. Loaded Objects now: 2352.
Total: 3.255859 ms (FindLiveObjects: 0.614399 ms CreateObjectMapping: 0.201315 ms MarkObjects: 2.295995 ms  DeleteObjects: 0.142592 ms)

========================================================================
Received Prepare
Registering precompiled user dll's ...
Registered in 0.001878 seconds.
Begin MonoManager ReloadAssembly
Native extension for OSXStandalone target not found
Refreshing native plugins compatible for Editor in 0.42 ms, found 2 plugins.
Preloading 0 native plugins for Editor in 0.00 ms.
Mono: successfully reloaded assembly
- Completed reload, in  1.477 seconds
Platform modules already initialized, skipping
Refreshing native plugins compatible for Editor in 0.41 ms, found 2 plugins.
Preloading 0 native plugins for Editor in 0.00 ms.
Unloading 1806 Unused Serialized files (Serialized files now loaded: 0)
System memory in use before: 162.0 MB.
System memory in use after: 162.0 MB.

Unloading 12 unused Assets to reduce memory usage. Loaded Objects now: 2356.
Total: 3.092039 ms (FindLiveObjects: 0.336446 ms CreateObjectMapping: 0.201007 ms MarkObjects: 2.394729 ms  DeleteObjects: 0.157841 ms)

========================================================================
Received Prepare
Registering precompiled user dll's ...
Registered in 0.001353 seconds.
Begin MonoManager ReloadAssembly
Native extension for OSXStandalone target not found
Refreshing native plugins compatible for Editor in 0.41 ms, found 2 plugins.
Preloading 0 native plugins for Editor in 0.00 ms.
Mono: successfully reloaded assembly
- Completed reload, in  1.619 seconds
Platform modules already initialized, skipping
Refreshing native plugins compatible for Editor in 0.39 ms, found 2 plugins.
Preloading 0 native plugins for Editor in 0.00 ms.
Unloading 1806 Unused Serialized files (Serialized files now loaded: 0)
System memory in use before: 162.2 MB.
System memory in use after: 162.2 MB.

Unloading 12 unused Assets to reduce memory usage. Loaded Objects now: 2360.
Total: 3.082480 ms (FindLiveObjects: 0.575998 ms CreateObjectMapping: 0.206329 ms MarkObjects: 2.169348 ms  DeleteObjects: 0.128609 ms)

========================================================================
Received Prepare
Registering precompiled user dll's ...
Registered in 0.000629 seconds.
Begin MonoManager ReloadAssembly
Native extension for OSXStandalone target not found
Refreshing native plugins compatible for Editor in 0.77 ms, found 2 plugins.
Preloading 0 native plugins for Editor in 0.00 ms.
Mono: successfully reloaded assembly
- Completed reload, in  1.251 seconds
Platform modules already initialized, skipping
Refreshing native plugins compatible for Editor in 0.43 ms, found 2 plugins.
Preloading 0 native plugins for Editor in 0.00 ms.
Unloading 1806 Unused Serialized files (Serialized files now loaded: 0)
System memory in use before: 162.4 MB.
System memory in use after: 162.4 MB.

Unloading 12 unused Assets to reduce memory usage. Loaded Objects now: 2364.
Total: 2.628233 ms (FindLiveObjects: 0.299857 ms CreateObjectMapping: 0.126401 ms MarkObjects: 2.075151 ms  DeleteObjects: 0.125530 ms)

========================================================================
Received Prepare
Registering precompiled user dll's ...
Registered in 0.000650 seconds.
Begin MonoManager ReloadAssembly
Native extension for OSXStandalone target not found
Refreshing native plugins compatible for Editor in 0.41 ms, found 2 plugins.
Preloading 0 native plugins for Editor in 0.00 ms.
Mono: successfully reloaded assembly
- Completed reload, in  1.336 seconds
Platform modules already initialized, skipping
Refreshing native plugins compatible for Editor in 0.55 ms, found 2 plugins.
Preloading 0 native plugins for Editor in 0.00 ms.
Unloading 1806 Unused Serialized files (Serialized files now loaded: 0)
System memory in use before: 162.6 MB.
System memory in use after: 162.6 MB.

Unloading 12 unused Assets to reduce memory usage. Loaded Objects now: 2368.
Total: 2.467030 ms (FindLiveObjects: 0.320068 ms CreateObjectMapping: 0.069609 ms MarkObjects: 1.946692 ms  DeleteObjects: 0.128749 ms)

========================================================================
Received Prepare
Registering precompiled user dll's ...
Registered in 0.000585 seconds.
Begin MonoManager ReloadAssembly
Native extension for OSXStandalone target not found
Refreshing native plugins compatible for Editor in 0.85 ms, found 2 plugins.
Preloading 0 native plugins for Editor in 0.00 ms.
Mono: successfully reloaded assembly
- Completed reload, in  1.987 seconds
Platform modules already initialized, skipping
Refreshing native plugins compatible for Editor in 0.67 ms, found 2 plugins.
Preloading 0 native plugins for Editor in 0.00 ms.
Unloading 1806 Unused Serialized files (Serialized files now loaded: 0)
System memory in use before: 162.8 MB.
System memory in use after: 162.7 MB.

Unloading 12 unused Assets to reduce memory usage. Loaded Objects now: 2372.
Total: 3.412184 ms (FindLiveObjects: 0.649048 ms CreateObjectMapping: 0.224690 ms MarkObjects: 2.395971 ms  DeleteObjects: 0.140012 ms)

========================================================================
Received Prepare
Registering precompiled user dll's ...
Registered in 0.000651 seconds.
Begin MonoManager ReloadAssembly
Native extension for OSXStandalone target not found
Refreshing native plugins compatible for Editor in 0.45 ms, found 2 plugins.
Preloading 0 native plugins for Editor in 0.00 ms.
Mono: successfully reloaded assembly
- Completed reload, in  1.442 seconds
Platform modules already initialized, skipping
Refreshing native plugins compatible for Editor in 0.41 ms, found 2 plugins.
Preloading 0 native plugins for Editor in 0.00 ms.
Unloading 1806 Unused Serialized files (Serialized files now loaded: 0)
System memory in use before: 163.0 MB.
System memory in use after: 162.9 MB.

Unloading 12 unused Assets to reduce memory usage. Loaded Objects now: 2376.
Total: 2.377723 ms (FindLiveObjects: 0.270390 ms CreateObjectMapping: 0.064576 ms MarkObjects: 1.906236 ms  DeleteObjects: 0.134969 ms)

========================================================================
Received Prepare
Registering precompiled user dll's ...
Registered in 0.001273 seconds.
Begin MonoManager ReloadAssembly
Native extension for OSXStandalone target not found
Refreshing native plugins compatible for Editor in 0.99 ms, found 2 plugins.
Preloading 0 native plugins for Editor in 0.00 ms.
Mono: successfully reloaded assembly
- Completed reload, in  1.664 seconds
Platform modules already initialized, skipping
Refreshing native plugins compatible for Editor in 0.87 ms, found 2 plugins.
Preloading 0 native plugins for Editor in 0.00 ms.
Unloading 1806 Unused Serialized files (Serialized files now loaded: 0)
System memory in use before: 163.2 MB.
System memory in use after: 163.1 MB.

Unloading 12 unused Assets to reduce memory usage. Loaded Objects now: 2380.
Total: 2.579454 ms (FindLiveObjects: 0.242785 ms CreateObjectMapping: 0.068722 ms MarkObjects: 2.116871 ms  DeleteObjects: 0.148779 ms)

========================================================================
Received Prepare
Registering precompiled user dll's ...
Registered in 0.001920 seconds.
Begin MonoManager ReloadAssembly
Native extension for OSXStandalone target not found
Refreshing native plugins compatible for Editor in 0.41 ms, found 2 plugins.
Preloading 0 native plugins for Editor in 0.00 ms.
Mono: successfully reloaded assembly
- Completed reload, in  1.269 seconds
Platform modules already initialized, skipping
Refreshing native plugins compatible for Editor in 0.41 ms, found 2 plugins.
Preloading 0 native plugins for Editor in 0.00 ms.
Unloading 1806 Unused Serialized files (Serialized files now loaded: 0)
System memory in use before: 163.3 MB.
System memory in use after: 163.3 MB.

Unloading 12 unused Assets to reduce memory usage. Loaded Objects now: 2384.
Total: 3.242257 ms (FindLiveObjects: 0.378552 ms CreateObjectMapping: 0.147809 ms MarkObjects: 2.565301 ms  DeleteObjects: 0.149268 ms)

========================================================================
Received Prepare
Registering precompiled user dll's ...
Registered in 0.001112 seconds.
Begin MonoManager ReloadAssembly
Native extension for OSXStandalone target not found
Refreshing native plugins compatible for Editor in 0.39 ms, found 2 plugins.
Preloading 0 native plugins for Editor in 0.00 ms.
Mono: successfully reloaded assembly
- Completed reload, in  1.543 seconds
Platform modules already initialized, skipping
Refreshing native plugins compatible for Editor in 0.67 ms, found 2 plugins.
Preloading 0 native plugins for Editor in 0.00 ms.
Unloading 1806 Unused Serialized files (Serialized files now loaded: 0)
System memory in use before: 163.5 MB.
System memory in use after: 163.5 MB.

Unloading 12 unused Assets to reduce memory usage. Loaded Objects now: 2388.
Total: 3.798687 ms (FindLiveObjects: 0.741845 ms CreateObjectMapping: 0.268639 ms MarkObjects: 2.633424 ms  DeleteObjects: 0.147921 ms)

========================================================================
Received Prepare
Registering precompiled user dll's ...
Registered in 0.001130 seconds.
Begin MonoManager ReloadAssembly
Native extension for OSXStandalone target not found
Refreshing native plugins compatible for Editor in 0.66 ms, found 2 plugins.
Preloading 0 native plugins for Editor in 0.00 ms.
Mono: successfully reloaded assembly
- Completed reload, in  1.459 seconds
Platform modules already initialized, skipping
Refreshing native plugins compatible for Editor in 0.45 ms, found 2 plugins.
Preloading 0 native plugins for Editor in 0.00 ms.
Unloading 1806 Unused Serialized files (Serialized files now loaded: 0)
System memory in use before: 163.7 MB.
System memory in use after: 163.7 MB.

Unloading 12 unused Assets to reduce memory usage. Loaded Objects now: 2392.
Total: 3.864226 ms (FindLiveObjects: 0.761195 ms CreateObjectMapping: 0.132045 ms MarkObjects: 2.826001 ms  DeleteObjects: 0.138332 ms)

========================================================================
Received Import Request.
  Time since last request: 805.260441 seconds.
  path: Assets/Scripts/Block
  artifactKey: Guid(2757923544a0f4e2a96c80de17325448) Importer(815301076,1909f56bfc062723c751e8b465ee728b)
Start importing Assets/Scripts/Block using Guid(2757923544a0f4e2a96c80de17325448) Importer(815301076,1909f56bfc062723c751e8b465ee728b)  -> (artifact id: '5bd76185a20b373a2d9ff28bf7d59b4c') in 0.008659 seconds
  Import took 0.018785 seconds .

========================================================================
Received Import Request.
  Time since last request: 49.758304 seconds.
  path: Assets/Scripts/Block/NewBehaviourScript.cs
  artifactKey: Guid(1b7e62c48c47d4e9ebaeaa859a1abae5) Importer(815301076,1909f56bfc062723c751e8b465ee728b)
Start importing Assets/Scripts/Block/NewBehaviourScript.cs using Guid(1b7e62c48c47d4e9ebaeaa859a1abae5) Importer(815301076,1909f56bfc062723c751e8b465ee728b)  -> (artifact id: '2f8223c5e53ef2004422dfc701af2192') in 0.003719 seconds
  Import took 0.008485 seconds .

========================================================================
Received Prepare
Registering precompiled user dll's ...
Registered in 0.000592 seconds.
Begin MonoManager ReloadAssembly
Native extension for OSXStandalone target not found
Refreshing native plugins compatible for Editor in 0.41 ms, found 2 plugins.
Preloading 0 native plugins for Editor in 0.00 ms.
Mono: successfully reloaded assembly
- Completed reload, in  1.366 seconds
Platform modules already initialized, skipping
Refreshing native plugins compatible for Editor in 0.78 ms, found 2 plugins.
Preloading 0 native plugins for Editor in 0.00 ms.
Unloading 1806 Unused Serialized files (Serialized files now loaded: 0)
System memory in use before: 163.9 MB.
System memory in use after: 163.9 MB.

Unloading 12 unused Assets to reduce memory usage. Loaded Objects now: 2396.
Total: 5.092144 ms (FindLiveObjects: 0.681800 ms CreateObjectMapping: 0.224588 ms MarkObjects: 3.943094 ms  DeleteObjects: 0.239814 ms)

========================================================================
Received Prepare
Registering precompiled user dll's ...
Registered in 0.000818 seconds.
Begin MonoManager ReloadAssembly
Native extension for OSXStandalone target not found
Refreshing native plugins compatible for Editor in 0.40 ms, found 2 plugins.
Preloading 0 native plugins for Editor in 0.00 ms.
Mono: successfully reloaded assembly
- Completed reload, in  1.310 seconds
Platform modules already initialized, skipping
Refreshing native plugins compatible for Editor in 0.40 ms, found 2 plugins.
Preloading 0 native plugins for Editor in 0.00 ms.
Unloading 1806 Unused Serialized files (Serialized files now loaded: 0)
System memory in use before: 164.1 MB.
System memory in use after: 164.1 MB.

Unloading 12 unused Assets to reduce memory usage. Loaded Objects now: 2400.
Total: 2.504879 ms (FindLiveObjects: 0.256525 ms CreateObjectMapping: 0.064963 ms MarkObjects: 2.054280 ms  DeleteObjects: 0.127984 ms)

========================================================================
Received Import Request.
  Time since last request: 15.630721 seconds.
  path: Assets/Prefabs/Blocks
  artifactKey: Guid(b5e8bc3b9677e9040b0cb06d60702505) Importer(815301076,1909f56bfc062723c751e8b465ee728b)
Start importing Assets/Prefabs/Blocks using Guid(b5e8bc3b9677e9040b0cb06d60702505) Importer(815301076,1909f56bfc062723c751e8b465ee728b)  -> (artifact id: '698b195dbba80de2cea811b8b0ce35aa') in 0.005245 seconds
  Import took 0.016459 seconds .

========================================================================
Received Import Request.
  Time since last request: 21.692917 seconds.
  path: Assets/Prefabs/Blocks/P_Block.prefab
  artifactKey: Guid(bfb02000d3bf643de9f210ad66f724b7) Importer(815301076,1909f56bfc062723c751e8b465ee728b)
Start importing Assets/Prefabs/Blocks/P_Block.prefab using Guid(bfb02000d3bf643de9f210ad66f724b7) Importer(815301076,1909f56bfc062723c751e8b465ee728b)  -> (artifact id: '26e0ea432a376583194b6ef2fe0d7f54') in 0.035084 seconds
  Import took 0.042246 seconds .

========================================================================
Received Import Request.
  Time since last request: 0.039863 seconds.
  path: Assets/Prefabs/Blocks/P_Block.prefab
  artifactKey: Guid(bfb02000d3bf643de9f210ad66f724b7) Importer(815301076,1909f56bfc062723c751e8b465ee728b)
Start importing Assets/Prefabs/Blocks/P_Block.prefab using Guid(bfb02000d3bf643de9f210ad66f724b7) Importer(815301076,1909f56bfc062723c751e8b465ee728b)  -> (artifact id: '26e0ea432a376583194b6ef2fe0d7f54') in 0.006022 seconds
  Import took 0.010540 seconds .

========================================================================
Received Import Request.
  Time since last request: 18.260092 seconds.
  path: Assets/Prefabs/Blocks/P_Block.prefab
  artifactKey: Guid(bfb02000d3bf643de9f210ad66f724b7) Importer(815301076,1909f56bfc062723c751e8b465ee728b)
Start importing Assets/Prefabs/Blocks/P_Block.prefab using Guid(bfb02000d3bf643de9f210ad66f724b7) Importer(815301076,1909f56bfc062723c751e8b465ee728b)  -> (artifact id: '78e2762318e326f0289d03e43329b4a6') in 0.010487 seconds
  Import took 0.018307 seconds .

========================================================================
Received Import Request.
  Time since last request: 58.381426 seconds.
  path: Assets/Prefabs/Blocks/P_Block.prefab
  artifactKey: Guid(bfb02000d3bf643de9f210ad66f724b7) Importer(815301076,1909f56bfc062723c751e8b465ee728b)
Start importing Assets/Prefabs/Blocks/P_Block.prefab using Guid(bfb02000d3bf643de9f210ad66f724b7) Importer(815301076,1909f56bfc062723c751e8b465ee728b)  -> (artifact id: 'ca9e368da4fd1e07d54b8e1327955c96') in 0.095343 seconds
  Import took 0.101457 seconds .

========================================================================
Received Import Request.
  Time since last request: 0.003614 seconds.
  path: Assets/Prefabs/Blocks/P_Block.prefab
  artifactKey: Guid(bfb02000d3bf643de9f210ad66f724b7) Importer(815301076,1909f56bfc062723c751e8b465ee728b)
Start importing Assets/Prefabs/Blocks/P_Block.prefab using Guid(bfb02000d3bf643de9f210ad66f724b7) Importer(815301076,1909f56bfc062723c751e8b465ee728b)  -> (artifact id: 'ca9e368da4fd1e07d54b8e1327955c96') in 0.009920 seconds
  Import took 0.015311 seconds .

========================================================================
Received Import Request.
  Time since last request: 10.264939 seconds.
  path: Assets/Prefabs/Blocks/P_Block.prefab
  artifactKey: Guid(bfb02000d3bf643de9f210ad66f724b7) Importer(815301076,1909f56bfc062723c751e8b465ee728b)
Start importing Assets/Prefabs/Blocks/P_Block.prefab using Guid(bfb02000d3bf643de9f210ad66f724b7) Importer(815301076,1909f56bfc062723c751e8b465ee728b)  -> (artifact id: '9225c2a10ab4db71ddb64ba5e5c987ed') in 0.020556 seconds
  Import took 0.026216 seconds .

========================================================================
Received Import Request.
  Time since last request: 7.050787 seconds.
  path: Assets/Prefabs/Blocks/P_Block.prefab
  artifactKey: Guid(bfb02000d3bf643de9f210ad66f724b7) Importer(815301076,1909f56bfc062723c751e8b465ee728b)
Start importing Assets/Prefabs/Blocks/P_Block.prefab using Guid(bfb02000d3bf643de9f210ad66f724b7) Importer(815301076,1909f56bfc062723c751e8b465ee728b)  -> (artifact id: 'cc2d75cda807a2b438787e3d43245eaa') in 0.023671 seconds
  Import took 0.031240 seconds .

========================================================================
Received Import Request.
  Time since last request: 5.252749 seconds.
  path: Assets/Prefabs/Blocks/P_Block.prefab
  artifactKey: Guid(bfb02000d3bf643de9f210ad66f724b7) Importer(815301076,1909f56bfc062723c751e8b465ee728b)
Start importing Assets/Prefabs/Blocks/P_Block.prefab using Guid(bfb02000d3bf643de9f210ad66f724b7) Importer(815301076,1909f56bfc062723c751e8b465ee728b)  -> (artifact id: '06435d116d7e4c6d89bc9b11417f47d8') in 0.016458 seconds
  Import took 0.023693 seconds .

========================================================================
Received Prepare
Registering precompiled user dll's ...
Registered in 0.001181 seconds.
Begin MonoManager ReloadAssembly
Native extension for OSXStandalone target not found
Refreshing native plugins compatible for Editor in 0.40 ms, found 2 plugins.
Preloading 0 native plugins for Editor in 0.00 ms.
Mono: successfully reloaded assembly
- Completed reload, in  1.453 seconds
Platform modules already initialized, skipping
Refreshing native plugins compatible for Editor in 0.71 ms, found 2 plugins.
Preloading 0 native plugins for Editor in 0.00 ms.
Unloading 1806 Unused Serialized files (Serialized files now loaded: 0)
System memory in use before: 164.6 MB.
System memory in use after: 164.5 MB.

Unloading 12 unused Assets to reduce memory usage. Loaded Objects now: 2405.
Total: 4.249921 ms (FindLiveObjects: 0.456061 ms CreateObjectMapping: 0.140676 ms MarkObjects: 3.454265 ms  DeleteObjects: 0.195515 ms)

